<?xml version="1.0" encoding="UTF-8"?>
<coverage generated="1776783531738" clover="3.2.0">
  <project timestamp="1776783531738" name="All files">
    <metrics statements="45" coveredstatements="39" conditionals="66" coveredconditionals="49" methods="15" coveredmethods="14" elements="126" coveredelements="102" complexity="0" loc="45" ncloc="45" packages="2" files="6" classes="6"/>
    <package name="components">
      <metrics statements="23" coveredstatements="20" conditionals="27" coveredconditionals="17" methods="12" coveredmethods="11"/>
      <file name="CitySearch.jsx" path="D:\LAppO\kursko4\itivipi4\WeatherApp\src\components\CitySearch.jsx">
        <metrics statements="11" coveredstatements="8" conditionals="10" coveredconditionals="6" methods="6" coveredmethods="5"/>
        <line num="3" count="1" type="stmt"/>
        <line num="11" count="1" type="cond" truecount="1" falsecount="1"/>
        <line num="12" count="1" type="stmt"/>
        <line num="13" count="1" type="cond" truecount="1" falsecount="1"/>
        <line num="18" count="0" type="stmt"/>
        <line num="19" count="0" type="stmt"/>
        <line num="20" count="0" type="cond" truecount="0" falsecount="2"/>
        <line num="23" count="7" type="stmt"/>
        <line num="35" count="49" type="stmt"/>
        <line num="47" count="21" type="stmt"/>
        <line num="50" count="1" type="stmt"/>
      </file>
      <file name="ForecastList.jsx" path="D:\LAppO\kursko4\itivipi4\WeatherApp\src\components\ForecastList.jsx">
        <metrics statements="4" coveredstatements="4" conditionals="5" coveredconditionals="3" methods="3" coveredmethods="3"/>
        <line num="10" count="5" type="cond" truecount="1" falsecount="1"/>
        <line num="13" count="30" type="cond" truecount="1" falsecount="1"/>
        <line num="16" count="5" type="stmt"/>
        <line num="21" count="15" type="stmt"/>
      </file>
      <file name="Temperature.jsx" path="D:\LAppO\kursko4\itivipi4\WeatherApp\src\components\Temperature.jsx">
        <metrics statements="1" coveredstatements="1" conditionals="4" coveredconditionals="3" methods="1" coveredmethods="1"/>
        <line num="5" count="42" type="stmt"/>
      </file>
      <file name="WeatherCard.jsx" path="D:\LAppO\kursko4\itivipi4\WeatherApp\src\components\WeatherCard.jsx">
        <metrics statements="6" coveredstatements="6" conditionals="7" coveredconditionals="4" methods="1" coveredmethods="1"/>
        <line num="10" count="6" type="stmt"/>
        <line num="12" count="6" type="cond" truecount="1" falsecount="1"/>
        <line num="13" count="6" type="cond" truecount="1" falsecount="1"/>
        <line num="14" count="6" type="cond" truecount="1" falsecount="1"/>
        <line num="16" count="6" type="stmt"/>
        <line num="20" count="6" type="stmt"/>
      </file>
      <file name="WeatherIcon.jsx" path="D:\LAppO\kursko4\itivipi4\WeatherApp\src\components\WeatherIcon.jsx">
        <metrics statements="1" coveredstatements="1" conditionals="1" coveredconditionals="1" methods="1" coveredmethods="1"/>
        <line num="5" count="21" type="stmt"/>
      </file>
    </package>
    <package name="utils">
      <metrics statements="22" coveredstatements="19" conditionals="39" coveredconditionals="32" methods="3" coveredmethods="3"/>
      <file name="weather.js" path="D:\LAppO\kursko4\itivipi4\WeatherApp\src\utils\weather.js">
        <metrics statements="22" coveredstatements="19" conditionals="39" coveredconditionals="32" methods="3" coveredmethods="3"/>
        <line num="13" count="7" type="cond" truecount="2" falsecount="0"/>
        <line num="17" count="6" type="cond" truecount="2" falsecount="0"/>
        <line num="18" count="2" type="cond" truecount="2" falsecount="0"/>
        <line num="19" count="1" type="cond" truecount="1" falsecount="1"/>
        <line num="20" count="0" type="stmt"/>
        <line num="23" count="6" type="cond" truecount="2" falsecount="0"/>
        <line num="24" count="4" type="cond" truecount="2" falsecount="0"/>
        <line num="25" count="1" type="cond" truecount="1" falsecount="1"/>
        <line num="26" count="0" type="stmt"/>
        <line num="36" count="11" type="cond" truecount="4" falsecount="0"/>
        <line num="37" count="10" type="cond" truecount="2" falsecount="0"/>
        <line num="38" count="2" type="cond" truecount="2" falsecount="0"/>
        <line num="39" count="1" type="cond" truecount="1" falsecount="1"/>
        <line num="40" count="0" type="stmt"/>
        <line num="49" count="9" type="cond" truecount="2" falsecount="0"/>
        <line num="50" count="8" type="cond" truecount="1" falsecount="1"/>
        <line num="51" count="8" type="cond" truecount="1" falsecount="1"/>
        <line num="52" count="8" type="cond" truecount="2" falsecount="0"/>
        <line num="53" count="2" type="cond" truecount="2" falsecount="0"/>
        <line num="54" count="1" type="cond" truecount="1" falsecount="1"/>
        <line num="55" count="1" type="cond" truecount="1" falsecount="1"/>
        <line num="56" count="1" type="stmt"/>
      </file>
    </package>
  </project>
</coverage>
