<?xml version="1.0" encoding="UTF-8"?>
<coverage generated="1775582065342" clover="3.2.0">
  <project timestamp="1775582065342" name="All files">
    <metrics statements="46" coveredstatements="42" conditionals="58" coveredconditionals="46" methods="16" coveredmethods="15" elements="120" coveredelements="103" complexity="0" loc="46" ncloc="46" packages="2" files="6" classes="6"/>
    <package name="components">
      <metrics statements="24" coveredstatements="23" conditionals="19" coveredconditionals="15" methods="13" coveredmethods="12"/>
      <file name="CitySearch.jsx" path="D:\LAppO\kursko4\itivipi4\WeatherApp\src\components\CitySearch.jsx">
        <metrics statements="17" coveredstatements="16" conditionals="14" coveredconditionals="11" methods="8" coveredmethods="7"/>
        <line num="3" count="1" type="stmt"/>
        <line num="9" count="12" type="stmt"/>
        <line num="10" count="12" type="stmt"/>
        <line num="13" count="3" type="stmt"/>
        <line num="14" count="3" type="stmt"/>
        <line num="15" count="3" type="stmt"/>
        <line num="17" count="21" type="stmt"/>
        <line num="23" count="2" type="cond" truecount="2" falsecount="0"/>
        <line num="24" count="2" type="cond" truecount="1" falsecount="1"/>
        <line num="25" count="2" type="stmt"/>
        <line num="26" count="2" type="stmt"/>
        <line num="27" count="2" type="stmt"/>
        <line num="31" count="1" type="cond" truecount="1" falsecount="1"/>
        <line num="34" count="12" type="stmt"/>
        <line num="49" count="0" type="stmt"/>
        <line num="60" count="3" type="stmt"/>
        <line num="64" count="1" type="stmt"/>
      </file>
      <file name="ForecastList.jsx" path="D:\LAppO\kursko4\itivipi4\WeatherApp\src\components\ForecastList.jsx">
        <metrics statements="2" coveredstatements="2" conditionals="0" coveredconditionals="0" methods="2" coveredmethods="2"/>
        <line num="8" count="5" type="stmt"/>
        <line num="13" count="15" type="stmt"/>
      </file>
      <file name="Temperature.jsx" path="D:\LAppO\kursko4\itivipi4\WeatherApp\src\components\Temperature.jsx">
        <metrics statements="1" coveredstatements="1" conditionals="4" coveredconditionals="3" methods="1" coveredmethods="1"/>
        <line num="5" count="42" type="stmt"/>
      </file>
      <file name="WeatherCard.jsx" path="D:\LAppO\kursko4\itivipi4\WeatherApp\src\components\WeatherCard.jsx">
        <metrics statements="3" coveredstatements="3" conditionals="0" coveredconditionals="0" methods="1" coveredmethods="1"/>
        <line num="8" count="6" type="stmt"/>
        <line num="10" count="6" type="stmt"/>
        <line num="14" count="6" type="stmt"/>
      </file>
      <file name="WeatherIcon.jsx" path="D:\LAppO\kursko4\itivipi4\WeatherApp\src\components\WeatherIcon.jsx">
        <metrics statements="1" coveredstatements="1" conditionals="1" coveredconditionals="1" methods="1" coveredmethods="1"/>
        <line num="5" count="21" type="stmt"/>
      </file>
    </package>
    <package name="utils">
      <metrics statements="22" coveredstatements="19" conditionals="39" coveredconditionals="31" methods="3" coveredmethods="3"/>
      <file name="weather.js" path="D:\LAppO\kursko4\itivipi4\WeatherApp\src\utils\weather.js">
        <metrics statements="22" coveredstatements="19" conditionals="39" coveredconditionals="31" methods="3" coveredmethods="3"/>
        <line num="13" count="7" type="cond" truecount="2" falsecount="0"/>
        <line num="17" count="6" type="cond" truecount="2" falsecount="0"/>
        <line num="18" count="2" type="cond" truecount="2" falsecount="0"/>
        <line num="19" count="1" type="cond" truecount="1" falsecount="1"/>
        <line num="20" count="0" type="stmt"/>
        <line num="23" count="6" type="cond" truecount="2" falsecount="0"/>
        <line num="24" count="4" type="cond" truecount="2" falsecount="0"/>
        <line num="25" count="1" type="cond" truecount="1" falsecount="1"/>
        <line num="26" count="0" type="stmt"/>
        <line num="36" count="5" type="cond" truecount="4" falsecount="0"/>
        <line num="37" count="4" type="cond" truecount="2" falsecount="0"/>
        <line num="38" count="2" type="cond" truecount="2" falsecount="0"/>
        <line num="39" count="1" type="cond" truecount="1" falsecount="1"/>
        <line num="40" count="0" type="stmt"/>
        <line num="49" count="3" type="cond" truecount="2" falsecount="0"/>
        <line num="50" count="2" type="cond" truecount="1" falsecount="1"/>
        <line num="51" count="2" type="cond" truecount="1" falsecount="1"/>
        <line num="52" count="2" type="cond" truecount="1" falsecount="1"/>
        <line num="53" count="2" type="cond" truecount="2" falsecount="0"/>
        <line num="54" count="1" type="cond" truecount="1" falsecount="1"/>
        <line num="55" count="1" type="cond" truecount="1" falsecount="1"/>
        <line num="56" count="1" type="stmt"/>
      </file>
    </package>
  </project>
</coverage>
