{"D:\\LAppO\\kursko4\\itivipi4\\WeatherApp\\src\\components\\CitySearch.jsx": {"path":"D:\\LAppO\\kursko4\\itivipi4\\WeatherApp\\src\\components\\CitySearch.jsx","statementMap":{"0":{"start":{"line":3,"column":20},"end":{"line":3,"column":null}},"1":{"start":{"line":9,"column":16},"end":{"line":9,"column":40}},"2":{"start":{"line":10,"column":22},"end":{"line":10,"column":52}},"3":{"start":{"line":13,"column":14},"end":{"line":13,"column":null}},"4":{"start":{"line":14,"column":4},"end":{"line":14,"column":null}},"5":{"start":{"line":15,"column":4},"end":{"line":19,"column":null}},"6":{"start":{"line":17,"column":36},"end":{"line":17,"column":79}},"7":{"start":{"line":23,"column":14},"end":{"line":23,"column":null}},"8":{"start":{"line":24,"column":4},"end":{"line":24,"column":null}},"9":{"start":{"line":24,"column":19},"end":{"line":24,"column":null}},"10":{"start":{"line":25,"column":4},"end":{"line":25,"column":null}},"11":{"start":{"line":26,"column":4},"end":{"line":26,"column":null}},"12":{"start":{"line":27,"column":4},"end":{"line":27,"column":null}},"13":{"start":{"line":31,"column":4},"end":{"line":31,"column":null}},"14":{"start":{"line":31,"column":27},"end":{"line":31,"column":null}},"15":{"start":{"line":34,"column":2},"end":{"line":69,"column":null}},"16":{"start":{"line":49,"column":25},"end":{"line":49,"column":33}},"17":{"start":{"line":60,"column":12},"end":{"line":67,"column":null}},"18":{"start":{"line":64,"column":29},"end":{"line":64,"column":38}}},"fnMap":{"0":{"name":"CitySearch","decl":{"start":{"line":8,"column":24},"end":{"line":8,"column":35}},"loc":{"start":{"line":8,"column":58},"end":{"line":69,"column":null}},"line":8},"1":{"name":"handleChange","decl":{"start":{"line":12,"column":11},"end":{"line":12,"column":24}},"loc":{"start":{"line":12,"column":27},"end":{"line":19,"column":null}},"line":12},"2":{"name":"(anonymous_2)","decl":{"start":{"line":17,"column":22},"end":{"line":17,"column":30}},"loc":{"start":{"line":17,"column":36},"end":{"line":17,"column":79}},"line":17},"3":{"name":"submit","decl":{"start":{"line":22,"column":11},"end":{"line":22,"column":18}},"loc":{"start":{"line":22,"column":24},"end":{"line":27,"column":null}},"line":22},"4":{"name":"handleKeyDown","decl":{"start":{"line":30,"column":11},"end":{"line":30,"column":25}},"loc":{"start":{"line":30,"column":28},"end":{"line":31,"column":null}},"line":30},"5":{"name":"(anonymous_5)","decl":{"start":{"line":49,"column":10},"end":{"line":49,"column":25}},"loc":{"start":{"line":49,"column":25},"end":{"line":49,"column":33}},"line":49},"6":{"name":"(anonymous_6)","decl":{"start":{"line":59,"column":23},"end":{"line":59,"column":28}},"loc":{"start":{"line":60,"column":12},"end":{"line":67,"column":null}},"line":60},"7":{"name":"(anonymous_7)","decl":{"start":{"line":64,"column":14},"end":{"line":64,"column":29}},"loc":{"start":{"line":64,"column":29},"end":{"line":64,"column":38}},"line":64}},"branchMap":{"0":{"loc":{"start":{"line":16,"column":6},"end":{"line":18,"column":12}},"type":"cond-expr","locations":[{"start":{"line":17,"column":10},"end":{"line":17,"column":80}},{"start":{"line":18,"column":10},"end":{"line":18,"column":12}}],"line":16},"1":{"loc":{"start":{"line":23,"column":14},"end":{"line":23,"column":null}},"type":"binary-expr","locations":[{"start":{"line":23,"column":14},"end":{"line":23,"column":22}},{"start":{"line":23,"column":22},"end":{"line":23,"column":null}}],"line":23},"2":{"loc":{"start":{"line":24,"column":4},"end":{"line":24,"column":null}},"type":"if","locations":[{"start":{"line":24,"column":4},"end":{"line":24,"column":null}},{"start":{},"end":{}}],"line":24},"3":{"loc":{"start":{"line":31,"column":4},"end":{"line":31,"column":null}},"type":"if","locations":[{"start":{"line":31,"column":4},"end":{"line":31,"column":null}},{"start":{},"end":{}}],"line":31},"4":{"loc":{"start":{"line":50,"column":20},"end":{"line":50,"column":44}},"type":"binary-expr","locations":[{"start":{"line":50,"column":20},"end":{"line":50,"column":31}},{"start":{"line":50,"column":31},"end":{"line":50,"column":44}}],"line":50},"5":{"loc":{"start":{"line":53,"column":11},"end":{"line":53,"column":null}},"type":"cond-expr","locations":[{"start":{"line":53,"column":21},"end":{"line":53,"column":27}},{"start":{"line":53,"column":27},"end":{"line":53,"column":null}}],"line":53},"6":{"loc":{"start":{"line":57,"column":7},"end":{"line":69,"column":null}},"type":"binary-expr","locations":[{"start":{"line":57,"column":7},"end":{"line":57,"column":null}},{"start":{"line":58,"column":8},"end":{"line":69,"column":null}}],"line":57}},"s":{"0":1,"1":12,"2":12,"3":3,"4":3,"5":3,"6":21,"7":2,"8":2,"9":0,"10":2,"11":2,"12":2,"13":1,"14":1,"15":12,"16":0,"17":3,"18":1},"f":{"0":12,"1":3,"2":21,"3":2,"4":1,"5":0,"6":3,"7":1},"b":{"0":[3,0],"1":[2,1],"2":[0,2],"3":[1,0],"4":[12,11],"5":[1,11],"6":[12,3]},"meta":{"lastBranch":7,"lastFunction":8,"lastStatement":19,"seen":{"s:3:20:3:Infinity":0,"f:8:24:8:35":0,"s:9:16:9:40":1,"s:10:22:10:52":2,"f:12:11:12:24":1,"s:13:14:13:Infinity":3,"s:14:4:14:Infinity":4,"s:15:4:19:Infinity":5,"b:17:10:17:80:18:10:18:12":0,"f:17:22:17:30":2,"s:17:36:17:79":6,"f:22:11:22:18":3,"s:23:14:23:Infinity":7,"b:23:14:23:22:23:22:23:Infinity":1,"b:24:4:24:Infinity:undefined:undefined:undefined:undefined":2,"s:24:4:24:Infinity":8,"s:24:19:24:Infinity":9,"s:25:4:25:Infinity":10,"s:26:4:26:Infinity":11,"s:27:4:27:Infinity":12,"f:30:11:30:25":4,"b:31:4:31:Infinity:undefined:undefined:undefined:undefined":3,"s:31:4:31:Infinity":13,"s:31:27:31:Infinity":14,"s:34:2:69:Infinity":15,"f:49:10:49:25":5,"s:49:25:49:33":16,"b:50:20:50:31:50:31:50:44":4,"b:53:21:53:27:53:27:53:Infinity":5,"b:57:7:57:Infinity:58:8:69:Infinity":6,"f:59:23:59:28":6,"s:60:12:67:Infinity":17,"f:64:14:64:29":7,"s:64:29:64:38":18}}}
,"D:\\LAppO\\kursko4\\itivipi4\\WeatherApp\\src\\components\\ForecastList.jsx": {"path":"D:\\LAppO\\kursko4\\itivipi4\\WeatherApp\\src\\components\\ForecastList.jsx","statementMap":{"0":{"start":{"line":8,"column":2},"end":{"line":23,"column":null}},"1":{"start":{"line":13,"column":10},"end":{"line":21,"column":null}}},"fnMap":{"0":{"name":"ForecastList","decl":{"start":{"line":7,"column":24},"end":{"line":7,"column":37}},"loc":{"start":{"line":7,"column":51},"end":{"line":23,"column":null}},"line":7},"1":{"name":"(anonymous_1)","decl":{"start":{"line":12,"column":18},"end":{"line":12,"column":23}},"loc":{"start":{"line":13,"column":10},"end":{"line":21,"column":null}},"line":13}},"branchMap":{},"s":{"0":5,"1":15},"f":{"0":5,"1":15},"b":{},"meta":{"lastBranch":0,"lastFunction":2,"lastStatement":2,"seen":{"f:7:24:7:37":0,"s:8:2:23:Infinity":0,"f:12:18:12:23":1,"s:13:10:21:Infinity":1}}}
,"D:\\LAppO\\kursko4\\itivipi4\\WeatherApp\\src\\components\\Temperature.jsx": {"path":"D:\\LAppO\\kursko4\\itivipi4\\WeatherApp\\src\\components\\Temperature.jsx","statementMap":{"0":{"start":{"line":5,"column":2},"end":{"line":8,"column":null}}},"fnMap":{"0":{"name":"Temperature","decl":{"start":{"line":4,"column":24},"end":{"line":4,"column":36}},"loc":{"start":{"line":4,"column":76},"end":{"line":8,"column":null}},"line":4}},"branchMap":{"0":{"loc":{"start":{"line":4,"column":45},"end":{"line":4,"column":58}},"type":"default-arg","locations":[{"start":{"line":4,"column":52},"end":{"line":4,"column":58}}],"line":4},"1":{"loc":{"start":{"line":4,"column":58},"end":{"line":4,"column":76}},"type":"default-arg","locations":[{"start":{"line":4,"column":70},"end":{"line":4,"column":76}}],"line":4},"2":{"loc":{"start":{"line":7,"column":7},"end":{"line":7,"column":null}},"type":"cond-expr","locations":[{"start":{"line":7,"column":19},"end":{"line":7,"column":33}},{"start":{"line":7,"column":33},"end":{"line":7,"column":null}}],"line":7}},"s":{"0":42},"f":{"0":42},"b":{"0":[42],"1":[42],"2":[42,0]},"meta":{"lastBranch":3,"lastFunction":1,"lastStatement":1,"seen":{"f:4:24:4:36":0,"b:4:52:4:58":0,"b:4:70:4:76":1,"s:5:2:8:Infinity":0,"b:7:19:7:33:7:33:7:Infinity":2}}}
,"D:\\LAppO\\kursko4\\itivipi4\\WeatherApp\\src\\components\\WeatherCard.jsx": {"path":"D:\\LAppO\\kursko4\\itivipi4\\WeatherApp\\src\\components\\WeatherCard.jsx","statementMap":{"0":{"start":{"line":8,"column":85},"end":{"line":8,"column":null}},"1":{"start":{"line":10,"column":15},"end":{"line":12,"column":4}},"2":{"start":{"line":14,"column":2},"end":{"line":41,"column":null}}},"fnMap":{"0":{"name":"WeatherCard","decl":{"start":{"line":7,"column":24},"end":{"line":7,"column":36}},"loc":{"start":{"line":7,"column":46},"end":{"line":41,"column":null}},"line":7}},"branchMap":{},"s":{"0":6,"1":6,"2":6},"f":{"0":6},"b":{},"meta":{"lastBranch":0,"lastFunction":1,"lastStatement":3,"seen":{"f:7:24:7:36":0,"s:8:85:8:Infinity":0,"s:10:15:12:4":1,"s:14:2:41:Infinity":2}}}
,"D:\\LAppO\\kursko4\\itivipi4\\WeatherApp\\src\\components\\WeatherIcon.jsx": {"path":"D:\\LAppO\\kursko4\\itivipi4\\WeatherApp\\src\\components\\WeatherIcon.jsx","statementMap":{"0":{"start":{"line":5,"column":2},"end":{"line":12,"column":null}}},"fnMap":{"0":{"name":"WeatherIcon","decl":{"start":{"line":4,"column":24},"end":{"line":4,"column":36}},"loc":{"start":{"line":4,"column":70},"end":{"line":12,"column":null}},"line":4}},"branchMap":{"0":{"loc":{"start":{"line":4,"column":57},"end":{"line":4,"column":70}},"type":"default-arg","locations":[{"start":{"line":4,"column":64},"end":{"line":4,"column":70}}],"line":4}},"s":{"0":21},"f":{"0":21},"b":{"0":[21]},"meta":{"lastBranch":1,"lastFunction":1,"lastStatement":1,"seen":{"f:4:24:4:36":0,"b:4:64:4:70":0,"s:5:2:12:Infinity":0}}}
,"D:\\LAppO\\kursko4\\itivipi4\\WeatherApp\\src\\utils\\weather.js": {"path":"D:\\LAppO\\kursko4\\itivipi4\\WeatherApp\\src\\utils\\weather.js","statementMap":{"0":{"start":{"line":13,"column":2},"end":{"line":13,"column":32}},"1":{"start":{"line":13,"column":19},"end":{"line":13,"column":32}},"2":{"start":{"line":17,"column":2},"end":{"line":20,"column":55}},"3":{"start":{"line":17,"column":20},"end":{"line":17,"column":36}},"4":{"start":{"line":18,"column":7},"end":{"line":20,"column":55}},"5":{"start":{"line":18,"column":25},"end":{"line":18,"column":58}},"6":{"start":{"line":19,"column":7},"end":{"line":20,"column":55}},"7":{"start":{"line":19,"column":25},"end":{"line":19,"column":50}},"8":{"start":{"line":20,"column":7},"end":{"line":20,"column":55}},"9":{"start":{"line":23,"column":2},"end":{"line":23,"column":55}},"10":{"start":{"line":23,"column":18},"end":{"line":23,"column":55}},"11":{"start":{"line":24,"column":2},"end":{"line":24,"column":70}},"12":{"start":{"line":24,"column":18},"end":{"line":24,"column":70}},"13":{"start":{"line":25,"column":2},"end":{"line":25,"column":66}},"14":{"start":{"line":25,"column":18},"end":{"line":25,"column":66}},"15":{"start":{"line":26,"column":2},"end":{"line":26,"column":48}},"16":{"start":{"line":36,"column":2},"end":{"line":36,"column":56}},"17":{"start":{"line":36,"column":45},"end":{"line":36,"column":56}},"18":{"start":{"line":37,"column":2},"end":{"line":37,"column":53}},"19":{"start":{"line":37,"column":22},"end":{"line":37,"column":53}},"20":{"start":{"line":38,"column":2},"end":{"line":38,"column":62}},"21":{"start":{"line":38,"column":22},"end":{"line":38,"column":62}},"22":{"start":{"line":39,"column":2},"end":{"line":39,"column":63}},"23":{"start":{"line":39,"column":22},"end":{"line":39,"column":63}},"24":{"start":{"line":40,"column":2},"end":{"line":40,"column":22}},"25":{"start":{"line":49,"column":2},"end":{"line":49,"column":33}},"26":{"start":{"line":49,"column":18},"end":{"line":49,"column":33}},"27":{"start":{"line":50,"column":2},"end":{"line":50,"column":33}},"28":{"start":{"line":50,"column":18},"end":{"line":50,"column":33}},"29":{"start":{"line":51,"column":2},"end":{"line":51,"column":34}},"30":{"start":{"line":51,"column":18},"end":{"line":51,"column":34}},"31":{"start":{"line":52,"column":2},"end":{"line":52,"column":34}},"32":{"start":{"line":52,"column":18},"end":{"line":52,"column":34}},"33":{"start":{"line":53,"column":2},"end":{"line":53,"column":37}},"34":{"start":{"line":53,"column":18},"end":{"line":53,"column":37}},"35":{"start":{"line":54,"column":2},"end":{"line":54,"column":34}},"36":{"start":{"line":54,"column":18},"end":{"line":54,"column":34}},"37":{"start":{"line":55,"column":2},"end":{"line":55,"column":35}},"38":{"start":{"line":55,"column":18},"end":{"line":55,"column":35}},"39":{"start":{"line":56,"column":2},"end":{"line":56,"column":17}}},"fnMap":{"0":{"name":"convertTemperature","decl":{"start":{"line":12,"column":16},"end":{"line":12,"column":34}},"loc":{"start":{"line":12,"column":52},"end":{"line":27,"column":1}},"line":12},"1":{"name":"formatWindSpeed","decl":{"start":{"line":35,"column":16},"end":{"line":35,"column":31}},"loc":{"start":{"line":35,"column":50},"end":{"line":41,"column":1}},"line":35},"2":{"name":"getWindDescription","decl":{"start":{"line":48,"column":16},"end":{"line":48,"column":34}},"loc":{"start":{"line":48,"column":40},"end":{"line":57,"column":1}},"line":48}},"branchMap":{"0":{"loc":{"start":{"line":13,"column":2},"end":{"line":13,"column":32}},"type":"if","locations":[{"start":{"line":13,"column":2},"end":{"line":13,"column":32}},{"start":{},"end":{}}],"line":13},"1":{"loc":{"start":{"line":17,"column":2},"end":{"line":20,"column":55}},"type":"if","locations":[{"start":{"line":17,"column":2},"end":{"line":20,"column":55}},{"start":{"line":18,"column":7},"end":{"line":20,"column":55}}],"line":17},"2":{"loc":{"start":{"line":18,"column":7},"end":{"line":20,"column":55}},"type":"if","locations":[{"start":{"line":18,"column":7},"end":{"line":20,"column":55}},{"start":{"line":19,"column":7},"end":{"line":20,"column":55}}],"line":18},"3":{"loc":{"start":{"line":19,"column":7},"end":{"line":20,"column":55}},"type":"if","locations":[{"start":{"line":19,"column":7},"end":{"line":20,"column":55}},{"start":{"line":20,"column":7},"end":{"line":20,"column":55}}],"line":19},"4":{"loc":{"start":{"line":23,"column":2},"end":{"line":23,"column":55}},"type":"if","locations":[{"start":{"line":23,"column":2},"end":{"line":23,"column":55}},{"start":{},"end":{}}],"line":23},"5":{"loc":{"start":{"line":24,"column":2},"end":{"line":24,"column":70}},"type":"if","locations":[{"start":{"line":24,"column":2},"end":{"line":24,"column":70}},{"start":{},"end":{}}],"line":24},"6":{"loc":{"start":{"line":25,"column":2},"end":{"line":25,"column":66}},"type":"if","locations":[{"start":{"line":25,"column":2},"end":{"line":25,"column":66}},{"start":{},"end":{}}],"line":25},"7":{"loc":{"start":{"line":35,"column":37},"end":{"line":35,"column":48}},"type":"default-arg","locations":[{"start":{"line":35,"column":44},"end":{"line":35,"column":48}}],"line":35},"8":{"loc":{"start":{"line":36,"column":2},"end":{"line":36,"column":56}},"type":"if","locations":[{"start":{"line":36,"column":2},"end":{"line":36,"column":56}},{"start":{},"end":{}}],"line":36},"9":{"loc":{"start":{"line":36,"column":6},"end":{"line":36,"column":43}},"type":"binary-expr","locations":[{"start":{"line":36,"column":6},"end":{"line":36,"column":29}},{"start":{"line":36,"column":33},"end":{"line":36,"column":43}}],"line":36},"10":{"loc":{"start":{"line":37,"column":2},"end":{"line":37,"column":53}},"type":"if","locations":[{"start":{"line":37,"column":2},"end":{"line":37,"column":53}},{"start":{},"end":{}}],"line":37},"11":{"loc":{"start":{"line":38,"column":2},"end":{"line":38,"column":62}},"type":"if","locations":[{"start":{"line":38,"column":2},"end":{"line":38,"column":62}},{"start":{},"end":{}}],"line":38},"12":{"loc":{"start":{"line":39,"column":2},"end":{"line":39,"column":63}},"type":"if","locations":[{"start":{"line":39,"column":2},"end":{"line":39,"column":63}},{"start":{},"end":{}}],"line":39},"13":{"loc":{"start":{"line":49,"column":2},"end":{"line":49,"column":33}},"type":"if","locations":[{"start":{"line":49,"column":2},"end":{"line":49,"column":33}},{"start":{},"end":{}}],"line":49},"14":{"loc":{"start":{"line":50,"column":2},"end":{"line":50,"column":33}},"type":"if","locations":[{"start":{"line":50,"column":2},"end":{"line":50,"column":33}},{"start":{},"end":{}}],"line":50},"15":{"loc":{"start":{"line":51,"column":2},"end":{"line":51,"column":34}},"type":"if","locations":[{"start":{"line":51,"column":2},"end":{"line":51,"column":34}},{"start":{},"end":{}}],"line":51},"16":{"loc":{"start":{"line":52,"column":2},"end":{"line":52,"column":34}},"type":"if","locations":[{"start":{"line":52,"column":2},"end":{"line":52,"column":34}},{"start":{},"end":{}}],"line":52},"17":{"loc":{"start":{"line":53,"column":2},"end":{"line":53,"column":37}},"type":"if","locations":[{"start":{"line":53,"column":2},"end":{"line":53,"column":37}},{"start":{},"end":{}}],"line":53},"18":{"loc":{"start":{"line":54,"column":2},"end":{"line":54,"column":34}},"type":"if","locations":[{"start":{"line":54,"column":2},"end":{"line":54,"column":34}},{"start":{},"end":{}}],"line":54},"19":{"loc":{"start":{"line":55,"column":2},"end":{"line":55,"column":35}},"type":"if","locations":[{"start":{"line":55,"column":2},"end":{"line":55,"column":35}},{"start":{},"end":{}}],"line":55}},"s":{"0":7,"1":1,"2":6,"3":4,"4":2,"5":1,"6":1,"7":1,"8":0,"9":6,"10":2,"11":4,"12":4,"13":1,"14":1,"15":0,"16":5,"17":1,"18":4,"19":4,"20":2,"21":2,"22":1,"23":1,"24":0,"25":3,"26":1,"27":2,"28":0,"29":2,"30":0,"31":2,"32":0,"33":2,"34":2,"35":1,"36":0,"37":1,"38":0,"39":1},"f":{"0":7,"1":5,"2":3},"b":{"0":[1,6],"1":[4,2],"2":[1,1],"3":[1,0],"4":[2,4],"5":[3,1],"6":[1,0],"7":[5],"8":[1,4],"9":[5,5],"10":[2,2],"11":[1,1],"12":[1,0],"13":[1,2],"14":[0,2],"15":[0,2],"16":[0,2],"17":[1,1],"18":[0,1],"19":[0,1]},"meta":{"lastBranch":20,"lastFunction":3,"lastStatement":40,"seen":{"f:12:16:12:34":0,"b:13:2:13:32:undefined:undefined:undefined:undefined":0,"s:13:2:13:32":0,"s:13:19:13:32":1,"b:17:2:20:55:18:7:20:55":1,"s:17:2:20:55":2,"s:17:20:17:36":3,"b:18:7:20:55:19:7:20:55":2,"s:18:7:20:55":4,"s:18:25:18:58":5,"b:19:7:20:55:20:7:20:55":3,"s:19:7:20:55":6,"s:19:25:19:50":7,"s:20:7:20:55":8,"b:23:2:23:55:undefined:undefined:undefined:undefined":4,"s:23:2:23:55":9,"s:23:18:23:55":10,"b:24:2:24:70:undefined:undefined:undefined:undefined":5,"s:24:2:24:70":11,"s:24:18:24:70":12,"b:25:2:25:66:undefined:undefined:undefined:undefined":6,"s:25:2:25:66":13,"s:25:18:25:66":14,"s:26:2:26:48":15,"f:35:16:35:31":1,"b:35:44:35:48":7,"b:36:2:36:56:undefined:undefined:undefined:undefined":8,"s:36:2:36:56":16,"b:36:6:36:29:36:33:36:43":9,"s:36:45:36:56":17,"b:37:2:37:53:undefined:undefined:undefined:undefined":10,"s:37:2:37:53":18,"s:37:22:37:53":19,"b:38:2:38:62:undefined:undefined:undefined:undefined":11,"s:38:2:38:62":20,"s:38:22:38:62":21,"b:39:2:39:63:undefined:undefined:undefined:undefined":12,"s:39:2:39:63":22,"s:39:22:39:63":23,"s:40:2:40:22":24,"f:48:16:48:34":2,"b:49:2:49:33:undefined:undefined:undefined:undefined":13,"s:49:2:49:33":25,"s:49:18:49:33":26,"b:50:2:50:33:undefined:undefined:undefined:undefined":14,"s:50:2:50:33":27,"s:50:18:50:33":28,"b:51:2:51:34:undefined:undefined:undefined:undefined":15,"s:51:2:51:34":29,"s:51:18:51:34":30,"b:52:2:52:34:undefined:undefined:undefined:undefined":16,"s:52:2:52:34":31,"s:52:18:52:34":32,"b:53:2:53:37:undefined:undefined:undefined:undefined":17,"s:53:2:53:37":33,"s:53:18:53:37":34,"b:54:2:54:34:undefined:undefined:undefined:undefined":18,"s:54:2:54:34":35,"s:54:18:54:34":36,"b:55:2:55:35:undefined:undefined:undefined:undefined":19,"s:55:2:55:35":37,"s:55:18:55:35":38,"s:56:2:56:17":39}}}
}
